# JRE version: OpenJDK Runtime Environment Temurin-21.0.10+7 (21.0.10+7) (build 21.0.10+7-LTS)
# Java VM: OpenJDK 64-Bit Server VM Temurin-21.0.10+7 (21.0.10+7-LTS, mixed mode, sharing, tiered, compressed oops, compressed class ptrs, g1 gc, windows-amd64)
GC Precious Log:
 CardTable entry size: 512
 Card Set container configuration: InlinePtr #cards 5 size 8 Array Of Cards #cards 12 size 40 Howl #buckets 4 coarsen threshold 1843 Howl Bitmap #cards 512 size 80 coarsen threshold 460 Card regions per heap region 1 cards per card region 2048
 CPUs: 8 total, 8 available
 Memory: 14222M
 Large Page Support: Disabled
 NUMA Support: Disabled
 Compressed Oops: Enabled (32-bit)
 Heap Region Size: 1M
 Heap Min Capacity: 8M
 Heap Initial Capacity: 224M
 Heap Max Capacity: 1536M
 Pre-touch: Disabled
 Parallel Workers: 8
 Concurrent Workers: 2
 Concurrent Refinement Workers: 8
 Periodic GC: Disabled
Heap:
 garbage-first heap   total 145408K, used 106149K [0x00000000a0000000, 0x0000000100000000)
  region size 1024K, 26 young (26624K), 6 survivors (6144K)
 Metaspace       used 75422K, committed 77568K, reserved 557056K
  class space    used 10848K, committed 11904K, reserved 425984K
GC Heap History (20 events):
Event: 9.359 GC heap before
{Heap before GC invocations=17 (full 0):
 garbage-first heap   total 102400K, used 90797K [0x00000000a0000000, 0x0000000100000000)
  region size 1024K, 48 young (49152K), 6 survivors (6144K)
 Metaspace       used 44373K, committed 45504K, reserved 491520K
  class space    used 6249K, committed 6784K, reserved 425984K
}
Event: 9.367 GC heap after
{Heap after GC invocations=18 (full 0):
 garbage-first heap   total 102400K, used 50813K [0x00000000a0000000, 0x0000000100000000)
  region size 1024K, 6 young (6144K), 6 survivors (6144K)
 Metaspace       used 44373K, committed 45504K, reserved 491520K
  class space    used 6249K, committed 6784K, reserved 425984K
}
Event: 9.388 GC heap before
{Heap before GC invocations=18 (full 0):
 garbage-first heap   total 102400K, used 61053K [0x00000000a0000000, 0x0000000100000000)
  region size 1024K, 17 young (17408K), 6 survivors (6144K)
 Metaspace       used 44374K, committed 45504K, reserved 491520K
  class space    used 6249K, committed 6784K, reserved 425984K
}
Event: 9.393 GC heap after
{Heap after GC invocations=19 (full 0):
 garbage-first heap   total 102400K, used 51104K [0x00000000a0000000, 0x0000000100000000)
  region size 1024K, 4 young (4096K), 4 survivors (4096K)
 Metaspace       used 44374K, committed 45504K, reserved 491520K
  class space    used 6249K, committed 6784K, reserved 425984K
}
Event: 9.849 GC heap before
{Heap before GC invocations=20 (full 0):
 garbage-first heap   total 102400K, used 93088K [0x00000000a0000000, 0x0000000100000000)
  region size 1024K, 44 young (45056K), 4 survivors (4096K)
 Metaspace       used 44713K, committed 45888K, reserved 491520K
  class space    used 6282K, committed 6848K, reserved 425984K
}
Event: 9.855 GC heap after
{Heap after GC invocations=21 (full 0):
 garbage-first heap   total 141312K, used 54610K [0x00000000a0000000, 0x0000000100000000)
  region size 1024K, 4 young (4096K), 4 survivors (4096K)
 Metaspace       used 44713K, committed 45888K, reserved 491520K
  class space    used 6282K, committed 6848K, reserved 425984K
}
Event: 11.296 GC heap before
{Heap before GC invocations=21 (full 0):
 garbage-first heap   total 141312K, used 121170K [0x00000000a0000000, 0x0000000100000000)
  region size 1024K, 68 young (69632K), 4 survivors (4096K)
 Metaspace       used 48353K, committed 49664K, reserved 491520K
  class space    used 6685K, committed 7296K, reserved 425984K
}
Event: 11.303 GC heap after
{Heap after GC invocations=22 (full 0):
 garbage-first heap   total 141312K, used 58110K [0x00000000a0000000, 0x0000000100000000)
  region size 1024K, 7 young (7168K), 7 survivors (7168K)
 Metaspace       used 48353K, committed 49664K, reserved 491520K
  class space    used 6685K, committed 7296K, reserved 425984K
}
Event: 12.241 GC heap before
{Heap before GC invocations=22 (full 0):
 garbage-first heap   total 141312K, used 123646K [0x00000000a0000000, 0x0000000100000000)
  region size 1024K, 71 young (72704K), 7 survivors (7168K)
 Metaspace       used 53855K, committed 55680K, reserved 491520K
  class space    used 7618K, committed 8512K, reserved 425984K
}
Event: 12.249 GC heap after
{Heap after GC invocations=23 (full 0):
 garbage-first heap   total 141312K, used 60549K [0x00000000a0000000, 0x0000000100000000)
  region size 1024K, 7 young (7168K), 7 survivors (7168K)
 Metaspace       used 53855K, committed 55680K, reserved 491520K
  class space    used 7618K, committed 8512K, reserved 425984K
}
Event: 13.358 GC heap before
{Heap before GC invocations=24 (full 0):
 garbage-first heap   total 141312K, used 125061K [0x00000000a0000000, 0x0000000100000000)
  region size 1024K, 70 young (71680K), 7 survivors (7168K)
 Metaspace       used 58812K, committed 60800K, reserved 491520K
  class space    used 8447K, committed 9408K, reserved 425984K
}
Event: 13.366 GC heap after
{Heap after GC invocations=25 (full 0):
 garbage-first heap   total 141312K, used 64533K [0x00000000a0000000, 0x0000000100000000)
  region size 1024K, 7 young (7168K), 7 survivors (7168K)
 Metaspace       used 58812K, committed 60800K, reserved 491520K
  class space    used 8447K, committed 9408K, reserved 425984K
}
Event: 14.993 GC heap before
{Heap before GC invocations=25 (full 0):
 garbage-first heap   total 141312K, used 126997K [0x00000000a0000000, 0x0000000100000000)
  region size 1024K, 68 young (69632K), 7 survivors (7168K)
 Metaspace       used 62711K, committed 64704K, reserved 491520K
  class space    used 9054K, committed 9984K, reserved 425984K
}
Event: 15.003 GC heap after
{Heap after GC invocations=26 (full 0):
 garbage-first heap   total 141312K, used 70082K [0x00000000a0000000, 0x0000000100000000)
  region size 1024K, 9 young (9216K), 9 survivors (9216K)
 Metaspace       used 62711K, committed 64704K, reserved 491520K
  class space    used 9054K, committed 9984K, reserved 425984K
}
Event: 15.454 GC heap before
{Heap before GC invocations=26 (full 0):
 garbage-first heap   total 141312K, used 95682K [0x00000000a0000000, 0x0000000100000000)
  region size 1024K, 35 young (35840K), 9 survivors (9216K)
 Metaspace       used 65023K, committed 67072K, reserved 491520K
  class space    used 9442K, committed 10432K, reserved 425984K
}
Event: 15.462 GC heap after
{Heap after GC invocations=27 (full 0):
 garbage-first heap   total 141312K, used 72759K [0x00000000a0000000, 0x0000000100000000)
  region size 1024K, 3 young (3072K), 3 survivors (3072K)
 Metaspace       used 65023K, committed 67072K, reserved 491520K
  class space    used 9442K, committed 10432K, reserved 425984K
}
Event: 16.410 GC heap before
{Heap before GC invocations=28 (full 0):
 garbage-first heap   total 141312K, used 135223K [0x00000000a0000000, 0x0000000100000000)
  region size 1024K, 57 young (58368K), 3 survivors (3072K)
 Metaspace       used 70981K, committed 73088K, reserved 491520K
  class space    used 10213K, committed 11264K, reserved 425984K
}
Event: 16.415 GC heap after
{Heap after GC invocations=29 (full 0):
 garbage-first heap   total 141312K, used 82157K [0x00000000a0000000, 0x0000000100000000)
  region size 1024K, 5 young (5120K), 5 survivors (5120K)
 Metaspace       used 70981K, committed 73088K, reserved 491520K
  class space    used 10213K, committed 11264K, reserved 425984K
}
Event: 17.337 GC heap before
{Heap before GC invocations=29 (full 0):
 garbage-first heap   total 141312K, used 134381K [0x00000000a0000000, 0x0000000100000000)
  region size 1024K, 53 young (54272K), 5 survivors (5120K)
 Metaspace       used 74291K, committed 76416K, reserved 491520K
  class space    used 10671K, committed 11712K, reserved 425984K
}
Event: 17.343 GC heap after
{Heap after GC invocations=30 (full 0):
 garbage-first heap   total 145408K, used 86693K [0x00000000a0000000, 0x0000000100000000)
  region size 1024K, 6 young (6144K), 6 survivors (6144K)
 Metaspace       used 74291K, committed 76416K, reserved 491520K
  class space    used 10671K, committed 11712K, reserved 425984K
}

