# JRE version: OpenJDK Runtime Environment Temurin-21.0.10+7 (21.0.10+7) (build 21.0.10+7-LTS)
# Java VM: OpenJDK 64-Bit Server VM Temurin-21.0.10+7 (21.0.10+7-LTS, mixed mode, sharing, tiered, compressed oops, compressed class ptrs, g1 gc, windows-amd64)
GC Precious Log:
 CardTable entry size: 512
 Card Set container configuration: InlinePtr #cards 5 size 8 Array Of Cards #cards 12 size 40 Howl #buckets 4 coarsen threshold 1843 Howl Bitmap #cards 512 size 80 coarsen threshold 460 Card regions per heap region 1 cards per card region 2048
 CPUs: 8 total, 8 available
 Memory: 14222M
 Large Page Support: Disabled
 NUMA Support: Disabled
 Compressed Oops: Enabled (32-bit)
 Heap Region Size: 1M
 Heap Min Capacity: 8M
 Heap Initial Capacity: 224M
 Heap Max Capacity: 1536M
 Pre-touch: Disabled
 Parallel Workers: 8
 Concurrent Workers: 2
 Concurrent Refinement Workers: 8
 Periodic GC: Disabled
Heap:
 garbage-first heap   total 273408K, used 205906K [0x00000000a0000000, 0x0000000100000000)
  region size 1024K, 49 young (50176K), 10 survivors (10240K)
 Metaspace       used 141486K, committed 144192K, reserved 557056K
  class space    used 18938K, committed 20288K, reserved 425984K
GC Heap History (20 events):
Event: 58.043 GC heap before
{Heap before GC invocations=44 (full 0):
 garbage-first heap   total 174080K, used 147494K [0x00000000a0000000, 0x0000000100000000)
  region size 1024K, 47 young (48128K), 6 survivors (6144K)
 Metaspace       used 96413K, committed 98752K, reserved 557056K
  class space    used 14021K, committed 15168K, reserved 425984K
}
Event: 58.050 GC heap after
{Heap after GC invocations=45 (full 0):
 garbage-first heap   total 174080K, used 107512K [0x00000000a0000000, 0x0000000100000000)
  region size 1024K, 4 young (4096K), 4 survivors (4096K)
 Metaspace       used 96413K, committed 98752K, reserved 557056K
  class space    used 14021K, committed 15168K, reserved 425984K
}
Event: 58.804 GC heap before
{Heap before GC invocations=46 (full 0):
 garbage-first heap   total 193536K, used 169976K [0x00000000a0000000, 0x0000000100000000)
  region size 1024K, 57 young (58368K), 4 survivors (4096K)
 Metaspace       used 96817K, committed 99200K, reserved 557056K
  class space    used 14032K, committed 15168K, reserved 425984K
}
Event: 58.829 GC heap after
{Heap after GC invocations=47 (full 0):
 garbage-first heap   total 193536K, used 125648K [0x00000000a0000000, 0x0000000100000000)
  region size 1024K, 8 young (8192K), 8 survivors (8192K)
 Metaspace       used 96817K, committed 99200K, reserved 557056K
  class space    used 14032K, committed 15168K, reserved 425984K
}
Event: 59.661 GC heap before
{Heap before GC invocations=47 (full 0):
 garbage-first heap   total 193536K, used 171728K [0x00000000a0000000, 0x0000000100000000)
  region size 1024K, 53 young (54272K), 8 survivors (8192K)
 Metaspace       used 98481K, committed 100800K, reserved 557056K
  class space    used 14261K, committed 15360K, reserved 425984K
}
Event: 59.681 GC heap after
{Heap after GC invocations=48 (full 0):
 garbage-first heap   total 194560K, used 134589K [0x00000000a0000000, 0x0000000100000000)
  region size 1024K, 7 young (7168K), 7 survivors (7168K)
 Metaspace       used 98481K, committed 100800K, reserved 557056K
  class space    used 14261K, committed 15360K, reserved 425984K
}
Event: 60.004 GC heap before
{Heap before GC invocations=48 (full 0):
 garbage-first heap   total 194560K, used 144829K [0x00000000a0000000, 0x0000000100000000)
  region size 1024K, 18 young (18432K), 7 survivors (7168K)
 Metaspace       used 99837K, committed 102144K, reserved 557056K
  class space    used 14418K, committed 15552K, reserved 425984K
}
Event: 60.011 GC heap after
{Heap after GC invocations=49 (full 0):
 garbage-first heap   total 194560K, used 137493K [0x00000000a0000000, 0x0000000100000000)
  region size 1024K, 2 young (2048K), 2 survivors (2048K)
 Metaspace       used 99837K, committed 102144K, reserved 557056K
  class space    used 14418K, committed 15552K, reserved 425984K
}
Event: 61.209 GC heap before
{Heap before GC invocations=50 (full 0):
 garbage-first heap   total 240640K, used 182549K [0x00000000a0000000, 0x0000000100000000)
  region size 1024K, 40 young (40960K), 2 survivors (2048K)
 Metaspace       used 103728K, committed 106048K, reserved 557056K
  class space    used 14792K, committed 15936K, reserved 425984K
}
Event: 61.215 GC heap after
{Heap after GC invocations=51 (full 0):
 garbage-first heap   total 240640K, used 145924K [0x00000000a0000000, 0x0000000100000000)
  region size 1024K, 5 young (5120K), 5 survivors (5120K)
 Metaspace       used 103728K, committed 106048K, reserved 557056K
  class space    used 14792K, committed 15936K, reserved 425984K
}
Event: 63.280 GC heap before
{Heap before GC invocations=51 (full 0):
 garbage-first heap   total 240640K, used 212484K [0x00000000a0000000, 0x0000000100000000)
  region size 1024K, 70 young (71680K), 5 survivors (5120K)
 Metaspace       used 111828K, committed 114432K, reserved 557056K
  class space    used 15756K, committed 17024K, reserved 425984K
}
Event: 63.292 GC heap after
{Heap after GC invocations=52 (full 0):
 garbage-first heap   total 240640K, used 147877K [0x00000000a0000000, 0x0000000100000000)
  region size 1024K, 9 young (9216K), 9 survivors (9216K)
 Metaspace       used 111828K, committed 114432K, reserved 557056K
  class space    used 15756K, committed 17024K, reserved 425984K
}
Event: 64.202 GC heap before
{Heap before GC invocations=52 (full 0):
 garbage-first heap   total 240640K, used 171429K [0x00000000a0000000, 0x0000000100000000)
  region size 1024K, 33 young (33792K), 9 survivors (9216K)
 Metaspace       used 115122K, committed 117824K, reserved 557056K
  class space    used 16215K, committed 17536K, reserved 425984K
}
Event: 64.212 GC heap after
{Heap after GC invocations=53 (full 0):
 garbage-first heap   total 240640K, used 150022K [0x00000000a0000000, 0x0000000100000000)
  region size 1024K, 6 young (6144K), 6 survivors (6144K)
 Metaspace       used 115122K, committed 117824K, reserved 557056K
  class space    used 16215K, committed 17536K, reserved 425984K
}
Event: 65.773 GC heap before
{Heap before GC invocations=54 (full 0):
 garbage-first heap   total 252928K, used 220678K [0x00000000a0000000, 0x0000000100000000)
  region size 1024K, 74 young (75776K), 6 survivors (6144K)
 Metaspace       used 117667K, committed 120320K, reserved 557056K
  class space    used 16500K, committed 17792K, reserved 425984K
}
Event: 65.787 GC heap after
{Heap after GC invocations=55 (full 0):
 garbage-first heap   total 252928K, used 155130K [0x00000000a0000000, 0x0000000100000000)
  region size 1024K, 7 young (7168K), 7 survivors (7168K)
 Metaspace       used 117667K, committed 120320K, reserved 557056K
  class space    used 16500K, committed 17792K, reserved 425984K
}
Event: 68.812 GC heap before
{Heap before GC invocations=55 (full 0):
 garbage-first heap   total 252928K, used 230906K [0x00000000a0000000, 0x0000000100000000)
  region size 1024K, 81 young (82944K), 7 survivors (7168K)
 Metaspace       used 125999K, committed 128640K, reserved 557056K
  class space    used 17396K, committed 18688K, reserved 425984K
}
Event: 68.831 GC heap after
{Heap after GC invocations=56 (full 0):
 garbage-first heap   total 252928K, used 159178K [0x00000000a0000000, 0x0000000100000000)
  region size 1024K, 11 young (11264K), 11 survivors (11264K)
 Metaspace       used 125999K, committed 128640K, reserved 557056K
  class space    used 17396K, committed 18688K, reserved 425984K
}
Event: 71.275 GC heap before
{Heap before GC invocations=56 (full 0):
 garbage-first heap   total 252928K, used 231882K [0x00000000a0000000, 0x0000000100000000)
  region size 1024K, 83 young (84992K), 11 survivors (11264K)
 Metaspace       used 137517K, committed 140224K, reserved 557056K
  class space    used 18509K, committed 19840K, reserved 425984K
}
Event: 71.290 GC heap after
{Heap after GC invocations=57 (full 0):
 garbage-first heap   total 252928K, used 162898K [0x00000000a0000000, 0x0000000100000000)
  region size 1024K, 10 young (10240K), 10 survivors (10240K)
 Metaspace       used 137517K, committed 140224K, reserved 557056K
  class space    used 18509K, committed 19840K, reserved 425984K
}

