# JRE version: OpenJDK Runtime Environment Temurin-21.0.10+7 (21.0.10+7) (build 21.0.10+7-LTS)
# Java VM: OpenJDK 64-Bit Server VM Temurin-21.0.10+7 (21.0.10+7-LTS, mixed mode, sharing, tiered, compressed oops, compressed class ptrs, g1 gc, windows-amd64)
GC Precious Log:
 CardTable entry size: 512
 Card Set container configuration: InlinePtr #cards 5 size 8 Array Of Cards #cards 12 size 40 Howl #buckets 4 coarsen threshold 1843 Howl Bitmap #cards 512 size 80 coarsen threshold 460 Card regions per heap region 1 cards per card region 2048
 CPUs: 8 total, 8 available
 Memory: 14222M
 Large Page Support: Disabled
 NUMA Support: Disabled
 Compressed Oops: Enabled (32-bit)
 Heap Region Size: 1M
 Heap Min Capacity: 8M
 Heap Initial Capacity: 224M
 Heap Max Capacity: 1536M
 Pre-touch: Disabled
 Parallel Workers: 8
 Concurrent Workers: 2
 Concurrent Refinement Workers: 8
 Periodic GC: Disabled
Heap:
 garbage-first heap   total 218112K, used 143056K [0x00000000a0000000, 0x0000000100000000)
  region size 1024K, 3 young (3072K), 2 survivors (2048K)
 Metaspace       used 145740K, committed 148608K, reserved 557056K
  class space    used 19438K, committed 20864K, reserved 425984K
GC Heap History (20 events):
Event: 39.620 GC heap after
{Heap after GC invocations=40 (full 0):
 garbage-first heap   total 174080K, used 109409K [0x00000000a0000000, 0x0000000100000000)
  region size 1024K, 6 young (6144K), 6 survivors (6144K)
 Metaspace       used 102109K, committed 104704K, reserved 557056K
  class space    used 14316K, committed 15552K, reserved 425984K
}
Event: 41.291 GC heap before
{Heap before GC invocations=40 (full 0):
 garbage-first heap   total 174080K, used 156513K [0x00000000a0000000, 0x0000000100000000)
  region size 1024K, 52 young (53248K), 6 survivors (6144K)
 Metaspace       used 107821K, committed 110336K, reserved 557056K
  class space    used 15083K, committed 16320K, reserved 425984K
}
Event: 41.299 GC heap after
{Heap after GC invocations=41 (full 0):
 garbage-first heap   total 174080K, used 112925K [0x00000000a0000000, 0x0000000100000000)
  region size 1024K, 6 young (6144K), 6 survivors (6144K)
 Metaspace       used 107821K, committed 110336K, reserved 557056K
  class space    used 15083K, committed 16320K, reserved 425984K
}
Event: 42.472 GC heap before
{Heap before GC invocations=42 (full 0):
 garbage-first heap   total 191488K, used 160029K [0x00000000a0000000, 0x0000000100000000)
  region size 1024K, 51 young (52224K), 6 survivors (6144K)
 Metaspace       used 109950K, committed 112512K, reserved 557056K
  class space    used 15330K, committed 16576K, reserved 425984K
}
Event: 42.479 GC heap after
{Heap after GC invocations=43 (full 0):
 garbage-first heap   total 191488K, used 115752K [0x00000000a0000000, 0x0000000100000000)
  region size 1024K, 6 young (6144K), 6 survivors (6144K)
 Metaspace       used 109950K, committed 112512K, reserved 557056K
  class space    used 15330K, committed 16576K, reserved 425984K
}
Event: 44.806 GC heap before
{Heap before GC invocations=43 (full 0):
 garbage-first heap   total 191488K, used 174120K [0x00000000a0000000, 0x0000000100000000)
  region size 1024K, 63 young (64512K), 6 survivors (6144K)
 Metaspace       used 112837K, committed 115392K, reserved 557056K
  class space    used 15616K, committed 16832K, reserved 425984K
}
Event: 44.820 GC heap after
{Heap after GC invocations=44 (full 0):
 garbage-first heap   total 191488K, used 119374K [0x00000000a0000000, 0x0000000100000000)
  region size 1024K, 8 young (8192K), 8 survivors (8192K)
 Metaspace       used 112837K, committed 115392K, reserved 557056K
  class space    used 15616K, committed 16832K, reserved 425984K
}
Event: 47.212 GC heap before
{Heap before GC invocations=44 (full 0):
 garbage-first heap   total 191488K, used 174670K [0x00000000a0000000, 0x0000000100000000)
  region size 1024K, 62 young (63488K), 8 survivors (8192K)
 Metaspace       used 117598K, committed 120192K, reserved 557056K
  class space    used 16096K, committed 17344K, reserved 425984K
}
Event: 47.223 GC heap after
{Heap after GC invocations=45 (full 0):
 garbage-first heap   total 191488K, used 125285K [0x00000000a0000000, 0x0000000100000000)
  region size 1024K, 6 young (6144K), 6 survivors (6144K)
 Metaspace       used 117598K, committed 120192K, reserved 557056K
  class space    used 16096K, committed 17344K, reserved 425984K
}
Event: 48.601 GC heap before
{Heap before GC invocations=46 (full 0):
 garbage-first heap   total 209920K, used 176485K [0x00000000a0000000, 0x0000000100000000)
  region size 1024K, 56 young (57344K), 6 survivors (6144K)
 Metaspace       used 123331K, committed 125952K, reserved 557056K
  class space    used 16782K, committed 18048K, reserved 425984K
}
Event: 48.611 GC heap after
{Heap after GC invocations=47 (full 0):
 garbage-first heap   total 209920K, used 129326K [0x00000000a0000000, 0x0000000100000000)
  region size 1024K, 4 young (4096K), 4 survivors (4096K)
 Metaspace       used 123331K, committed 125952K, reserved 557056K
  class space    used 16782K, committed 18048K, reserved 425984K
}
Event: 50.846 GC heap before
{Heap before GC invocations=47 (full 0):
 garbage-first heap   total 209920K, used 191790K [0x00000000a0000000, 0x0000000100000000)
  region size 1024K, 65 young (66560K), 4 survivors (4096K)
 Metaspace       used 132844K, committed 135488K, reserved 557056K
  class space    used 17616K, committed 18880K, reserved 425984K
}
Event: 50.858 GC heap after
{Heap after GC invocations=48 (full 0):
 garbage-first heap   total 209920K, used 130356K [0x00000000a0000000, 0x0000000100000000)
  region size 1024K, 6 young (6144K), 6 survivors (6144K)
 Metaspace       used 132844K, committed 135488K, reserved 557056K
  class space    used 17616K, committed 18880K, reserved 425984K
}
Event: 54.346 GC heap before
{Heap before GC invocations=48 (full 0):
 garbage-first heap   total 209920K, used 193844K [0x00000000a0000000, 0x0000000100000000)
  region size 1024K, 68 young (69632K), 6 survivors (6144K)
 Metaspace       used 137066K, committed 139776K, reserved 557056K
  class space    used 18162K, committed 19520K, reserved 425984K
}
Event: 54.362 GC heap after
{Heap after GC invocations=49 (full 0):
 garbage-first heap   total 209920K, used 128142K [0x00000000a0000000, 0x0000000100000000)
  region size 1024K, 7 young (7168K), 7 survivors (7168K)
 Metaspace       used 137066K, committed 139776K, reserved 557056K
  class space    used 18162K, committed 19520K, reserved 425984K
}
Event: 59.306 GC heap before
{Heap before GC invocations=50 (full 0):
 garbage-first heap   total 215040K, used 193678K [0x00000000a0000000, 0x0000000100000000)
  region size 1024K, 71 young (72704K), 7 survivors (7168K)
 Metaspace       used 141304K, committed 144064K, reserved 557056K
  class space    used 18872K, committed 20224K, reserved 425984K
}
Event: 59.318 GC heap after
{Heap after GC invocations=51 (full 0):
 garbage-first heap   total 215040K, used 135766K [0x00000000a0000000, 0x0000000100000000)
  region size 1024K, 9 young (9216K), 9 survivors (9216K)
 Metaspace       used 141304K, committed 144064K, reserved 557056K
  class space    used 18872K, committed 20224K, reserved 425984K
}
Event: 76.362 GC heap before
{Heap before GC invocations=51 (full 0):
 garbage-first heap   total 215040K, used 197206K [0x00000000a0000000, 0x0000000100000000)
  region size 1024K, 70 young (71680K), 9 survivors (9216K)
 Metaspace       used 145715K, committed 148608K, reserved 557056K
  class space    used 19436K, committed 20864K, reserved 425984K
}
Event: 77.351 GC heap after
{Heap after GC invocations=52 (full 0):
 garbage-first heap   total 218112K, used 141467K [0x00000000a0000000, 0x0000000100000000)
  region size 1024K, 7 young (7168K), 7 survivors (7168K)
 Metaspace       used 145715K, committed 148608K, reserved 557056K
  class space    used 19436K, committed 20864K, reserved 425984K
}
Event: 78.554 GC heap before
{Heap before GC invocations=52 (full 0):
 garbage-first heap   total 218112K, used 144539K [0x00000000a0000000, 0x0000000100000000)
  region size 1024K, 10 young (10240K), 7 survivors (7168K)
 Metaspace       used 145740K, committed 148608K, reserved 557056K
  class space    used 19438K, committed 20864K, reserved 425984K
}

